

Starting PSSFSS 1.13.1 analysis on 2025-05-11 at 14:35:27.944
Julia Version 1.11.5
Commit 760b2e5b73 (2025-04-14 06:53 UTC)
Build Info:
  Official https://julialang.org/ release
Platform Info:
  OS: Windows (x86_64-w64-mingw32)
  CPU: 28 × Intel(R) Core(TM) i7-14700
  WORD_SIZE: 64
  LLVM: libLLVM-16.0.6 (ORCJIT, alderlake)
Threads: 28 default, 0 interactive, 14 GC (on 28 virtual cores)
  BLAS: LBTConfig([ILP64] libopenblas64_.dll)



Dielectric layer information... 

 Layer  Width  units  epsr   tandel   mur  mtandel modes  beta1x  beta1y  beta2x  beta2y
 ----- ------------- ------- ------ ------- ------ ----- ------- ------- ------- -------
     1    0.0000  mm    1.00 0.0000    1.00 0.0000     2   785.4    -0.0    -0.0   785.4
     2    3.0000  mm    2.20 0.0009    1.00 0.0000    26   785.4    -0.0    -0.0   785.4
 ==================  Sheet   1  ========================   785.4    -0.0    -0.0   785.4
     3    3.0000  mm    2.20 0.0009    1.00 0.0000    26   785.4    -0.0    -0.0   785.4
     4   -6.0000  mm    1.00 0.0000    1.00 0.0000     2   785.4    -0.0    -0.0   785.4



PSS/FSS sheet information...

Sheet  Loc         Style      Rot  J/M Faces Edges Nodes Unknowns  NUFP
-----  ---  ---------------- ----- --- ----- ----- ----- -------- ------
   1     2          polyring   0.0  J   1896  3032  1136    2656  348268



Beginning (θ = 0.0, ϕ = 0.0)
  10.0 GHz
    Beginning matrix fill for sheet 1
      0.0822 seconds to compute 144 × 144 electric modal tables
      0.231 seconds for spatial face integrals
      0.0079 seconds for spectral face integrals
      0.0819 seconds to fill 2656 × 2656 matrix entries
      0.413 seconds total matrix fill time for sheet 1
      0.167 seconds to factor matrix for sheet 1
      0.025 seconds to extract 2704 GSM entries
    0.0 seconds for cascading at 10.0 GHz
  0.822 seconds total at 10.0 GHz
  12.0 GHz
    Beginning matrix fill for sheet 1
      0.0195 seconds to compute 144 × 144 electric modal tables
      0.007 seconds for spectral face integrals
      0.079 seconds to fill 2656 × 2656 matrix entries
      0.115 seconds total matrix fill time for sheet 1
      0.166 seconds to factor matrix for sheet 1
      0.014 seconds to extract 2704 GSM entries
    0.016 seconds for cascading at 12.0 GHz
  0.473 seconds total at 12.0 GHz
  16.0 GHz
    Beginning matrix fill for sheet 1
      0.0201 seconds to compute 150 × 150 electric modal tables
      0.0071 seconds for spectral face integrals
      0.0744 seconds to fill 2656 × 2656 matrix entries
      0.112 seconds total matrix fill time for sheet 1
      0.159 seconds to factor matrix for sheet 1
      0.013 seconds to extract 2704 GSM entries
    0.0 seconds for cascading at 16.0 GHz
  0.466 seconds total at 16.0 GHz
  18.0 GHz
    Beginning matrix fill for sheet 1
      0.0191 seconds to compute 160 × 160 electric modal tables
      0.0073 seconds for spectral face integrals
      0.0766 seconds to fill 2656 × 2656 matrix entries
      0.112 seconds total matrix fill time for sheet 1
      0.159 seconds to factor matrix for sheet 1
      0.033 seconds to extract 2704 GSM entries
    0.0 seconds for cascading at 18.0 GHz
  0.471 seconds total at 18.0 GHz
  20.0 GHz
    Beginning matrix fill for sheet 1
      0.0201 seconds to compute 160 × 160 electric modal tables
      0.0072 seconds for spectral face integrals
      0.0792 seconds to fill 2656 × 2656 matrix entries
      0.117 seconds total matrix fill time for sheet 1
      0.171 seconds to factor matrix for sheet 1
      0.02 seconds to extract 2704 GSM entries
    0.001 seconds for cascading at 20.0 GHz
  0.482 seconds total at 20.0 GHz
  14.0 GHz
    Beginning matrix fill for sheet 1
      0.0179 seconds to compute 150 × 150 electric modal tables
      0.0088 seconds for spectral face integrals
      0.0752 seconds to fill 2656 × 2656 matrix entries
      0.108 seconds total matrix fill time for sheet 1
      0.166 seconds to factor matrix for sheet 1
      0.006 seconds to extract 2704 GSM entries
    0.016 seconds for cascading at 14.0 GHz
  0.482 seconds total at 14.0 GHz
Beginning (θ = 5.0, ϕ = 0.0)
  10.0 GHz
    Beginning matrix fill for sheet 1
      0.0321 seconds to compute 144 × 144 electric modal tables
      0.34 seconds for spatial face integrals
      0.0087 seconds for spectral face integrals
      0.075 seconds to fill 2656 × 2656 matrix entries
      0.485 seconds total matrix fill time for sheet 1
      0.152 seconds to factor matrix for sheet 1
      0.006 seconds to extract 2704 GSM entries
    0.0 seconds for cascading at 10.0 GHz
  0.867 seconds total at 10.0 GHz
  12.0 GHz
    Beginning matrix fill for sheet 1
      0.0174 seconds to compute 144 × 144 electric modal tables
      0.344 seconds for spatial face integrals
      0.0078 seconds for spectral face integrals
      0.0764 seconds to fill 2656 × 2656 matrix entries
      0.445 seconds total matrix fill time for sheet 1
      0.18 seconds to factor matrix for sheet 1
      0.01 seconds to extract 2704 GSM entries
    0.008 seconds for cascading at 12.0 GHz
  0.827 seconds total at 12.0 GHz
  16.0 GHz
    Beginning matrix fill for sheet 1
      0.0189 seconds to compute 150 × 150 electric modal tables
      0.352 seconds for spatial face integrals
      0.0081 seconds for spectral face integrals
      0.0759 seconds to fill 2656 × 2656 matrix entries
      0.468 seconds total matrix fill time for sheet 1
      0.149 seconds to factor matrix for sheet 1
      0.005 seconds to extract 2704 GSM entries
    0.0 seconds for cascading at 16.0 GHz
  0.822 seconds total at 16.0 GHz
  18.0 GHz
    Beginning matrix fill for sheet 1
      0.0221 seconds to compute 160 × 160 electric modal tables
      0.311 seconds for spatial face integrals
      0.0081 seconds for spectral face integrals
      0.0753 seconds to fill 2656 × 2656 matrix entries
      0.421 seconds total matrix fill time for sheet 1
      0.178 seconds to factor matrix for sheet 1
      0.023 seconds to extract 2704 GSM entries
    0.003 seconds for cascading at 18.0 GHz
  0.806 seconds total at 18.0 GHz
  20.0 GHz
    Beginning matrix fill for sheet 1
      0.0167 seconds to compute 160 × 160 electric modal tables
      0.319 seconds for spatial face integrals
      0.008 seconds for spectral face integrals
      0.0778 seconds to fill 2656 × 2656 matrix entries
      0.43 seconds total matrix fill time for sheet 1
      0.17 seconds to factor matrix for sheet 1
      0.017 seconds to extract 2704 GSM entries
    0.008 seconds for cascading at 20.0 GHz
  0.802 seconds total at 20.0 GHz
  14.0 GHz
    Beginning matrix fill for sheet 1
      0.0208 seconds to compute 150 × 150 electric modal tables
      0.341 seconds for spatial face integrals
      0.0089 seconds for spectral face integrals
      0.0761 seconds to fill 2656 × 2656 matrix entries
      0.45 seconds total matrix fill time for sheet 1
      0.175 seconds to factor matrix for sheet 1
      0.013 seconds to extract 2704 GSM entries
    0.0 seconds for cascading at 14.0 GHz
  0.809 seconds total at 14.0 GHz
Beginning (θ = 10.0, ϕ = 0.0)
  10.0 GHz
    Beginning matrix fill for sheet 1
      0.0216 seconds to compute 144 × 144 electric modal tables
      0.313 seconds for spatial face integrals
      0.0082 seconds for spectral face integrals
      0.0759 seconds to fill 2656 × 2656 matrix entries
      0.429 seconds total matrix fill time for sheet 1
      0.158 seconds to factor matrix for sheet 1
      0.019 seconds to extract 2704 GSM entries
    0.009 seconds for cascading at 10.0 GHz
  0.806 seconds total at 10.0 GHz
  12.0 GHz
    Beginning matrix fill for sheet 1
      0.0194 seconds to compute 144 × 144 electric modal tables
      0.31 seconds for spatial face integrals
      0.0081 seconds for spectral face integrals
      0.0795 seconds to fill 2656 × 2656 matrix entries
      0.422 seconds total matrix fill time for sheet 1
      0.178 seconds to factor matrix for sheet 1
      0.016 seconds to extract 2704 GSM entries
    0.011 seconds for cascading at 12.0 GHz
  0.803 seconds total at 12.0 GHz
  16.0 GHz
    Beginning matrix fill for sheet 1
      0.021 seconds to compute 150 × 150 electric modal tables
      0.295 seconds for spatial face integrals
      0.0079 seconds for spectral face integrals
      0.0752 seconds to fill 2656 × 2656 matrix entries
      0.408 seconds total matrix fill time for sheet 1
      0.173 seconds to factor matrix for sheet 1
      0.033 seconds to extract 2704 GSM entries
    0.0 seconds for cascading at 16.0 GHz
  0.789 seconds total at 16.0 GHz
  18.0 GHz
    Beginning matrix fill for sheet 1
      0.0185 seconds to compute 160 × 160 electric modal tables
      0.3 seconds for spatial face integrals
      0.0085 seconds for spectral face integrals
      0.0765 seconds to fill 2656 × 2656 matrix entries
      0.394 seconds total matrix fill time for sheet 1
      0.159 seconds to factor matrix for sheet 1
      0.015 seconds to extract 2704 GSM entries
    0.016 seconds for cascading at 18.0 GHz
  0.776 seconds total at 18.0 GHz
  20.0 GHz
    Beginning matrix fill for sheet 1
      0.0212 seconds to compute 160 × 160 electric modal tables
      0.3 seconds for spatial face integrals
      0.0083 seconds for spectral face integrals
      0.0795 seconds to fill 2656 × 2656 matrix entries
      0.416 seconds total matrix fill time for sheet 1
      0.169 seconds to factor matrix for sheet 1
      0.0 seconds to extract 2704 GSM entries
    0.016 seconds for cascading at 20.0 GHz
  0.776 seconds total at 20.0 GHz
  14.0 GHz
    Beginning matrix fill for sheet 1
      0.0198 seconds to compute 150 × 150 electric modal tables
      0.284 seconds for spatial face integrals
      0.0076 seconds for spectral face integrals
      0.0765 seconds to fill 2656 × 2656 matrix entries
      0.394 seconds total matrix fill time for sheet 1
      0.161 seconds to factor matrix for sheet 1
      0.0 seconds to extract 2704 GSM entries
    0.029 seconds for cascading at 14.0 GHz
  0.789 seconds total at 14.0 GHz
Beginning (θ = 15.0, ϕ = 0.0)
  10.0 GHz
    Beginning matrix fill for sheet 1
      0.0178 seconds to compute 144 × 144 electric modal tables
      0.298 seconds for spatial face integrals
      0.0088 seconds for spectral face integrals
      0.0741 seconds to fill 2656 × 2656 matrix entries
      0.418 seconds total matrix fill time for sheet 1
      0.161 seconds to factor matrix for sheet 1
      0.012 seconds to extract 2704 GSM entries
    0.015 seconds for cascading at 10.0 GHz
  0.772 seconds total at 10.0 GHz
  12.0 GHz
    Beginning matrix fill for sheet 1
      0.0209 seconds to compute 144 × 144 electric modal tables
      0.299 seconds for spatial face integrals
      0.0076 seconds for spectral face integrals
      0.0776 seconds to fill 2656 × 2656 matrix entries
      0.411 seconds total matrix fill time for sheet 1
      0.175 seconds to factor matrix for sheet 1
      0.02 seconds to extract 2704 GSM entries
    0.0 seconds for cascading at 12.0 GHz
  0.779 seconds total at 12.0 GHz
  16.0 GHz
    Beginning matrix fill for sheet 1
      0.019 seconds to compute 150 × 150 electric modal tables
      0.315 seconds for spatial face integrals
      0.0075 seconds for spectral face integrals
      0.0774 seconds to fill 2656 × 2656 matrix entries
      0.439 seconds total matrix fill time for sheet 1
      0.169 seconds to factor matrix for sheet 1
      0.0 seconds to extract 2704 GSM entries
    0.032 seconds for cascading at 16.0 GHz
  0.815 seconds total at 16.0 GHz
  18.0 GHz
    Beginning matrix fill for sheet 1
      0.0162 seconds to compute 160 × 160 electric modal tables
      0.349 seconds for spatial face integrals
      0.0082 seconds for spectral face integrals
      0.0762 seconds to fill 2656 × 2656 matrix entries
      0.444 seconds total matrix fill time for sheet 1
      0.174 seconds to factor matrix for sheet 1
      0.015 seconds to extract 2704 GSM entries
    0.007 seconds for cascading at 18.0 GHz
  0.817 seconds total at 18.0 GHz
  20.0 GHz
    Beginning matrix fill for sheet 1
      0.0182 seconds to compute 160 × 160 electric modal tables
      0.331 seconds for spatial face integrals
      0.008 seconds for spectral face integrals
      0.0763 seconds to fill 2656 × 2656 matrix entries
      0.438 seconds total matrix fill time for sheet 1
      0.171 seconds to factor matrix for sheet 1
      0.0 seconds to extract 2704 GSM entries
    0.018 seconds for cascading at 20.0 GHz
  0.803 seconds total at 20.0 GHz
  14.0 GHz
    Beginning matrix fill for sheet 1
      0.0223 seconds to compute 150 × 150 electric modal tables
      0.306 seconds for spatial face integrals
      0.0082 seconds for spectral face integrals
      0.0966 seconds to fill 2656 × 2656 matrix entries
      0.442 seconds total matrix fill time for sheet 1
      0.194 seconds to factor matrix for sheet 1
      0.016 seconds to extract 2704 GSM entries
    0.002 seconds for cascading at 14.0 GHz
  0.839 seconds total at 14.0 GHz
Beginning (θ = 20.0, ϕ = 0.0)
  10.0 GHz
    Beginning matrix fill for sheet 1
      0.0168 seconds to compute 144 × 144 electric modal tables
      0.363 seconds for spatial face integrals
      0.0089 seconds for spectral face integrals
      0.0979 seconds to fill 2656 × 2656 matrix entries
      0.47 seconds total matrix fill time for sheet 1
      0.208 seconds to factor matrix for sheet 1
      0.011 seconds to extract 2704 GSM entries
    0.008 seconds for cascading at 10.0 GHz
  0.893 seconds total at 10.0 GHz
  12.0 GHz
    Beginning matrix fill for sheet 1
      0.0192 seconds to compute 144 × 144 electric modal tables
      0.382 seconds for spatial face integrals
      0.0073 seconds for spectral face integrals
      0.095 seconds to fill 2656 × 2656 matrix entries
      0.514 seconds total matrix fill time for sheet 1
      0.204 seconds to factor matrix for sheet 1
      0.0 seconds to extract 2704 GSM entries
    0.0 seconds for cascading at 12.0 GHz
  0.909 seconds total at 12.0 GHz
  16.0 GHz
    Beginning matrix fill for sheet 1
      0.0207 seconds to compute 150 × 150 electric modal tables
      0.41 seconds for spatial face integrals
      0.0086 seconds for spectral face integrals
      0.0981 seconds to fill 2656 × 2656 matrix entries
      0.552 seconds total matrix fill time for sheet 1
      0.204 seconds to factor matrix for sheet 1
      0.0 seconds to extract 2704 GSM entries
    0.0 seconds for cascading at 16.0 GHz
  0.947 seconds total at 16.0 GHz
  18.0 GHz
    Beginning matrix fill for sheet 1
      0.0271 seconds to compute 160 × 160 electric modal tables
      0.425 seconds for spatial face integrals
      0.0106 seconds for spectral face integrals
      0.093 seconds to fill 2656 × 2656 matrix entries
      0.562 seconds total matrix fill time for sheet 1
      0.204 seconds to factor matrix for sheet 1
      0.002 seconds to extract 2704 GSM entries
    0.009 seconds for cascading at 18.0 GHz
  0.973 seconds total at 18.0 GHz
  20.0 GHz
    Beginning matrix fill for sheet 1
      0.0204 seconds to compute 160 × 160 electric modal tables
      0.395 seconds for spatial face integrals
      0.0086 seconds for spectral face integrals
      0.0942 seconds to fill 2656 × 2656 matrix entries
      0.526 seconds total matrix fill time for sheet 1
      0.207 seconds to factor matrix for sheet 1
      0.0 seconds to extract 2704 GSM entries
    0.0 seconds for cascading at 20.0 GHz
  0.924 seconds total at 20.0 GHz
  14.0 GHz
    Beginning matrix fill for sheet 1
      0.0212 seconds to compute 150 × 150 electric modal tables
      0.405 seconds for spatial face integrals
      0.0079 seconds for spectral face integrals
      0.0929 seconds to fill 2656 × 2656 matrix entries
      0.538 seconds total matrix fill time for sheet 1
      0.205 seconds to factor matrix for sheet 1
      0.005 seconds to extract 2704 GSM entries
    0.0 seconds for cascading at 14.0 GHz
  0.935 seconds total at 14.0 GHz
Beginning (θ = 25.0, ϕ = 0.0)
  10.0 GHz
    Beginning matrix fill for sheet 1
      0.0152 seconds to compute 144 × 144 electric modal tables
      0.388 seconds for spatial face integrals
      0.0076 seconds for spectral face integrals
      0.0921 seconds to fill 2656 × 2656 matrix entries
      0.523 seconds total matrix fill time for sheet 1
      0.205 seconds to factor matrix for sheet 1
      0.024 seconds to extract 2704 GSM entries
    0.032 seconds for cascading at 10.0 GHz
  0.948 seconds total at 10.0 GHz
  12.0 GHz
    Beginning matrix fill for sheet 1
      0.0197 seconds to compute 144 × 144 electric modal tables
      0.427 seconds for spatial face integrals
      0.009 seconds for spectral face integrals
      0.0945 seconds to fill 2656 × 2656 matrix entries
      0.539 seconds total matrix fill time for sheet 1
      0.204 seconds to factor matrix for sheet 1
      0.017 seconds to extract 2704 GSM entries
    0.007 seconds for cascading at 12.0 GHz
  0.942 seconds total at 12.0 GHz
  16.0 GHz
    Beginning matrix fill for sheet 1
      0.0217 seconds to compute 160 × 160 electric modal tables
      0.395 seconds for spatial face integrals
      0.0081 seconds for spectral face integrals
      0.0924 seconds to fill 2656 × 2656 matrix entries
      0.53 seconds total matrix fill time for sheet 1
      0.192 seconds to factor matrix for sheet 1
      0.007 seconds to extract 2704 GSM entries
    0.017 seconds for cascading at 16.0 GHz
  0.945 seconds total at 16.0 GHz
  18.0 GHz
    Beginning matrix fill for sheet 1
      0.0172 seconds to compute 160 × 160 electric modal tables
      0.385 seconds for spatial face integrals
      0.0088 seconds for spectral face integrals
      0.0946 seconds to fill 2656 × 2656 matrix entries
      0.52 seconds total matrix fill time for sheet 1
      0.191 seconds to factor matrix for sheet 1
      0.016 seconds to extract 2704 GSM entries
    0.0 seconds for cascading at 18.0 GHz
  0.902 seconds total at 18.0 GHz
  20.0 GHz
    Beginning matrix fill for sheet 1
      0.0202 seconds to compute 162 × 162 electric modal tables
      0.412 seconds for spatial face integrals
      0.009 seconds for spectral face integrals
      0.0941 seconds to fill 2656 × 2656 matrix entries
      0.553 seconds total matrix fill time for sheet 1
      0.202 seconds to factor matrix for sheet 1
      0.007 seconds to extract 2704 GSM entries
    0.024 seconds for cascading at 20.0 GHz
  0.971 seconds total at 20.0 GHz
  14.0 GHz
    Beginning matrix fill for sheet 1
      0.0205 seconds to compute 150 × 150 electric modal tables
      0.425 seconds for spatial face integrals
      0.0088 seconds for spectral face integrals
      0.0947 seconds to fill 2656 × 2656 matrix entries
      0.554 seconds total matrix fill time for sheet 1
      0.2 seconds to factor matrix for sheet 1
      0.016 seconds to extract 2704 GSM entries
    0.015 seconds for cascading at 14.0 GHz
  0.958 seconds total at 14.0 GHz
Beginning (θ = 30.0, ϕ = 0.0)
  10.0 GHz
    Beginning matrix fill for sheet 1
      0.019 seconds to compute 144 × 144 electric modal tables
      0.427 seconds for spatial face integrals
      0.0085 seconds for spectral face integrals
      0.0932 seconds to fill 2656 × 2656 matrix entries
      0.537 seconds total matrix fill time for sheet 1
      0.205 seconds to factor matrix for sheet 1
      0.0 seconds to extract 2704 GSM entries
    0.016 seconds for cascading at 10.0 GHz
  0.949 seconds total at 10.0 GHz
  12.0 GHz
    Beginning matrix fill for sheet 1
      0.0174 seconds to compute 144 × 144 electric modal tables
